# JRE version: Java(TM) SE Runtime Environment 18.9 (11.0.21+9) (build 11.0.21+9-LTS-193)
# Java VM: Java HotSpot(TM) 64-Bit Server VM 18.9 (11.0.21+9-LTS-193, mixed mode, tiered, compressed oops, g1 gc, windows-amd64)
Heap:
 garbage-first heap   total 138240K, used 86107K [0x0000000080000000, 0x0000000100000000)
  region size 1024K, 5 young (5120K), 4 survivors (4096K)
 Metaspace       used 91987K, capacity 94629K, committed 94768K, reserved 598016K
  class space    used 12242K, capacity 13360K, committed 13440K, reserved 516096K
GC Heap History (10 events):
Event: 90.691 GC heap before
{Heap before GC invocations=95 (full 0):
 garbage-first heap   total 114688K, used 91102K [0x0000000080000000, 0x0000000100000000)
  region size 1024K, 16 young (16384K), 2 survivors (2048K)
 Metaspace       used 84484K, capacity 86910K, committed 87088K, reserved 591872K
  class space    used 11049K, capacity 12082K, committed 12160K, reserved 516096K
}
Event: 90.701 GC heap after
{Heap after GC invocations=96 (full 0):
 garbage-first heap   total 138240K, used 78052K [0x0000000080000000, 0x0000000100000000)
  region size 1024K, 2 young (2048K), 2 survivors (2048K)
 Metaspace       used 84484K, capacity 86910K, committed 87088K, reserved 591872K
  class space    used 11049K, capacity 12082K, committed 12160K, reserved 516096K
}
Event: 146.652 GC heap before
{Heap before GC invocations=96 (full 0):
 garbage-first heap   total 138240K, used 102628K [0x0000000080000000, 0x0000000100000000)
  region size 1024K, 26 young (26624K), 2 survivors (2048K)
 Metaspace       used 85012K, capacity 87469K, committed 87600K, reserved 591872K
  class space    used 11110K, capacity 12158K, committed 12160K, reserved 516096K
}
Event: 146.667 GC heap after
{Heap after GC invocations=97 (full 0):
 garbage-first heap   total 138240K, used 80016K [0x0000000080000000, 0x0000000100000000)
  region size 1024K, 4 young (4096K), 4 survivors (4096K)
 Metaspace       used 85012K, capacity 87469K, committed 87600K, reserved 591872K
  class space    used 11110K, capacity 12158K, committed 12160K, reserved 516096K
}
Event: 148.576 GC heap before
{Heap before GC invocations=97 (full 0):
 garbage-first heap   total 138240K, used 104592K [0x0000000080000000, 0x0000000100000000)
  region size 1024K, 28 young (28672K), 4 survivors (4096K)
 Metaspace       used 87899K, capacity 90357K, committed 90672K, reserved 595968K
  class space    used 11550K, capacity 12607K, committed 12672K, reserved 516096K
}
Event: 148.609 GC heap after
{Heap after GC invocations=98 (full 0):
 garbage-first heap   total 138240K, used 81566K [0x0000000080000000, 0x0000000100000000)
  region size 1024K, 4 young (4096K), 4 survivors (4096K)
 Metaspace       used 87899K, capacity 90357K, committed 90672K, reserved 595968K
  class space    used 11550K, capacity 12607K, committed 12672K, reserved 516096K
}
Event: 150.882 GC heap before
{Heap before GC invocations=98 (full 0):
 garbage-first heap   total 138240K, used 105118K [0x0000000080000000, 0x0000000100000000)
  region size 1024K, 28 young (28672K), 4 survivors (4096K)
 Metaspace       used 90896K, capacity 93363K, committed 93488K, reserved 598016K
  class space    used 12083K, capacity 13150K, committed 13184K, reserved 516096K
}
Event: 150.923 GC heap after
{Heap after GC invocations=99 (full 0):
 garbage-first heap   total 138240K, used 82857K [0x0000000080000000, 0x0000000100000000)
  region size 1024K, 3 young (3072K), 3 survivors (3072K)
 Metaspace       used 90896K, capacity 93363K, committed 93488K, reserved 598016K
  class space    used 12083K, capacity 13150K, committed 13184K, reserved 516096K
}
Event: 157.938 GC heap before
{Heap before GC invocations=100 (full 0):
 garbage-first heap   total 138240K, used 107433K [0x0000000080000000, 0x0000000100000000)
  region size 1024K, 28 young (28672K), 3 survivors (3072K)
 Metaspace       used 91981K, capacity 94629K, committed 94768K, reserved 598016K
  class space    used 12241K, capacity 13360K, committed 13440K, reserved 516096K
}
Event: 158.001 GC heap after
{Heap after GC invocations=101 (full 0):
 garbage-first heap   total 138240K, used 86107K [0x0000000080000000, 0x0000000100000000)
  region size 1024K, 4 young (4096K), 4 survivors (4096K)
 Metaspace       used 91981K, capacity 94629K, committed 94768K, reserved 598016K
  class space    used 12241K, capacity 13360K, committed 13440K, reserved 516096K
}

